[debug] [2023-12-07T16:37:16.598Z] ----------------------------------------------------------------------
[debug] [2023-12-07T16:37:16.600Z] Command:       C:\Program Files\nodejs\node.exe C:\Users\unjon\AppData\Roaming\npm\node_modules\firebase-tools\lib\bin\firebase.js init
[debug] [2023-12-07T16:37:16.600Z] CLI Version:   13.0.0
[debug] [2023-12-07T16:37:16.600Z] Platform:      win32
[debug] [2023-12-07T16:37:16.600Z] Node Version:  v18.18.0
[debug] [2023-12-07T16:37:16.601Z] Time:          Fri Dec 08 2023 01:37:16 GMT+0900 (대한민국 표준시)
[debug] [2023-12-07T16:37:16.602Z] ----------------------------------------------------------------------
[debug] 
[debug] [2023-12-07T16:37:16.668Z] > command requires scopes: ["email","openid","https://www.googleapis.com/auth/cloudplatformprojects.readonly","https://www.googleapis.com/auth/firebase","https://www.googleapis.com/auth/cloud-platform"]
[debug] [2023-12-07T16:37:16.669Z] > authorizing via signed-in user (unjong0926@gmail.com)
[info] 
     ######## #### ########  ######## ########     ###     ######  ########
     ##        ##  ##     ## ##       ##     ##  ##   ##  ##       ##
     ######    ##  ########  ######   ########  #########  ######  ######
     ##        ##  ##    ##  ##       ##     ## ##     ##       ## ##
     ##       #### ##     ## ######## ########  ##     ##  ######  ########

You're about to initialize a Firebase project in this directory:

  C:\Users\unjon\OneDrive\바탕 화면\swc

Before we get started, keep in mind:

  * You are initializing within an existing Firebase project directory

[info] 
=== Project Setup
[info] 
[info] First, let's associate this project directory with a Firebase project.
[info] You can create multiple project aliases by running firebase use --add, 
[info] but for now we'll just set up a default project.
[info] 
[debug] [2023-12-07T16:37:24.383Z] Using project from CLI flag: my-diary-e7845
[debug] [2023-12-07T16:37:24.386Z] >>> [apiv2][query] GET https://firebase.googleapis.com/v1beta1/projects/my-diary-e7845 [none]
[debug] [2023-12-07T16:37:24.851Z] <<< [apiv2][status] GET https://firebase.googleapis.com/v1beta1/projects/my-diary-e7845 200
[debug] [2023-12-07T16:37:24.851Z] <<< [apiv2][body] GET https://firebase.googleapis.com/v1beta1/projects/my-diary-e7845 {"projectId":"my-diary-e7845","projectNumber":"674805513212","displayName":"My-Diary","name":"projects/my-diary-e7845","resources":{"hostingSite":"my-diary-e7845"},"state":"ACTIVE","etag":"1_d4f08132-4ee8-4fb3-b52d-6daf817e1722"}
[info] i  Using project my-diary-e7845 (My-Diary) 
[info] 
=== Hosting:github Setup
[info] 
[info] i  Didn't detect a .git folder. Assuming C:\Users\unjon\OneDrive\바탕 화면\swc is the project root. 
[info] i  Authorizing with GitHub to upload your service account to a GitHub repository's secrets store. 
[info] 
[info] Visit this URL on this device to log in:
[info] https://github.com/login/oauth/authorize?client_id=89cf50f02ac6aaed3484&state=170966255&redirect_uri=http%3A%2F%2Flocalhost%3A9005&scope=read%3Auser%20repo%20public_repo
[info] 
[info] Waiting for authentication...
[debug] [2023-12-07T16:37:25.455Z] >>> [apiv2][query] POST https://github.com/login/oauth/access_token [none]
[debug] [2023-12-07T16:37:25.455Z] >>> [apiv2][body] POST https://github.com/login/oauth/access_token [stream]
[debug] [2023-12-07T16:37:25.783Z] <<< [apiv2][status] POST https://github.com/login/oauth/access_token 200
[debug] [2023-12-07T16:37:25.783Z] <<< [apiv2][body] POST https://github.com/login/oauth/access_token {"access_token":"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","token_type":"bearer","scope":"read:user,repo"}
[debug] [2023-12-07T16:37:25.791Z] >>> [apiv2][query] GET https://api.github.com/user [none]
[debug] [2023-12-07T16:37:26.128Z] <<< [apiv2][status] GET https://api.github.com/user 200
[debug] [2023-12-07T16:37:26.128Z] <<< [apiv2][body] GET https://api.github.com/user {"login":"unjong0926","id":153203963,"node_id":"U_kgDOCSG0-w","avatar_url":"https://avatars.githubusercontent.com/u/153203963?v=4","gravatar_id":"","url":"https://api.github.com/users/unjong0926","html_url":"https://github.com/unjong0926","followers_url":"https://api.github.com/users/unjong0926/followers","following_url":"https://api.github.com/users/unjong0926/following{/other_user}","gists_url":"https://api.github.com/users/unjong0926/gists{/gist_id}","starred_url":"https://api.github.com/users/unjong0926/starred{/owner}{/repo}","subscriptions_url":"https://api.github.com/users/unjong0926/subscriptions","organizations_url":"https://api.github.com/users/unjong0926/orgs","repos_url":"https://api.github.com/users/unjong0926/repos","events_url":"https://api.github.com/users/unjong0926/events{/privacy}","received_events_url":"https://api.github.com/users/unjong0926/received_events","type":"User","site_admin":false,"name":null,"company":null,"blog":"","location":null,"email":null,"hireable":null,"bio":null,"twitter_username":null,"public_repos":0,"public_gists":0,"followers":0,"following":0,"created_at":"2023-12-07T14:27:41Z","updated_at":"2023-12-07T14:27:41Z","private_gists":0,"total_private_repos":0,"owned_private_repos":0,"disk_usage":0,"collaborators":0,"two_factor_authentication":false,"plan":{"name":"free","space":976562499,"collaborators":0,"private_repos":10000}}
[info] 
[info] +  Success! Logged into GitHub as unjong0926 
[info] 
